{"target": 43.66666666666666, "params": {"batch_size_exp": 4.749080237694725, "critic_lr_exp": -2.0985713871801677, "entropy_cost": 0.036867703148758854, "exploration_weight": 1.397987726295555, "mcts_simulations": 89.00466011060914, "num_critic_before_pi": 4.091961642353418, "pi_lr_exp": -4.883832775663601, "rollout_limit": 89.29409166199481}, "datetime": {"datetime": "2026-01-03 20:04:52", "elapsed": 0.0, "delta": 0.0}}
{"target": 38.33333333333333, "params": {"batch_size_exp": 5.202230023486417, "critic_lr_exp": -2.583854844407909, "entropy_cost": 0.0020086402204943198, "exploration_weight": 1.9548647782429915, "mcts_simulations": 258.11066020010543, "num_critic_before_pi": 4.486373774747933, "pi_lr_exp": -4.636350065585798, "rollout_limit": 34.6723607882747}, "datetime": {"datetime": "2026-01-03 20:06:40", "elapsed": 107.679454, "delta": 107.679454}}
{"target": 43.33333333333333, "params": {"batch_size_exp": 4.6084844859190754, "critic_lr_exp": -2.950487136735524, "entropy_cost": 0.022165305913463672, "exploration_weight": 0.9368437102970628, "mcts_simulations": 202.96322368059487, "num_critic_before_pi": 3.9764570245642927, "pi_lr_exp": -4.415710702929564, "rollout_limit": 49.308947463495336}, "datetime": {"datetime": "2026-01-03 20:08:17", "elapsed": 205.414194, "delta": 97.73474}}
{"target": 43.0, "params": {"batch_size_exp": 4.912139968434072, "critic_lr_exp": -2.429648077213973, "entropy_cost": 0.010784015325759629, "exploration_weight": 1.2713516576204174, "mcts_simulations": 198.1036422155106, "num_critic_before_pi": 3.325152889039984, "pi_lr_exp": -3.7849102961971233, "rollout_limit": 33.64192989498332}, "datetime": {"datetime": "2026-01-03 20:09:27", "elapsed": 275.329667, "delta": 69.915473}}
{"target": 32.0, "params": {"batch_size_exp": 4.130103185970559, "critic_lr_exp": -2.1022289254933337, "entropy_cost": 0.04831596962065341, "exploration_weight": 1.7125960221746916, "mcts_simulations": 126.15344229334268, "num_critic_before_pi": 3.683704798044687, "pi_lr_exp": -3.6315339469756864, "rollout_limit": 55.21219949916811}, "datetime": {"datetime": "2026-01-03 20:11:17", "elapsed": 384.863359, "delta": 109.533692}}
{"target": 44.333333333333336, "params": {"batch_size_exp": 4.244076469689558, "critic_lr_exp": -3.0096461797774596, "entropy_cost": 0.0026850375346457013, "exploration_weight": 1.8639806031181732, "mcts_simulations": 114.69499540000423, "num_critic_before_pi": 7.637655990477874, "pi_lr_exp": -4.376577847821178, "rollout_limit": 61.605441694224865}, "datetime": {"datetime": "2026-01-03 20:12:21", "elapsed": 449.111809, "delta": 64.24845}}
{"target": -5.0, "params": {"batch_size_exp": 5.093420558686559, "critic_lr_exp": -3.6302910889489457, "entropy_cost": 0.04850964676046337, "exploration_weight": 1.6626992350416718, "mcts_simulations": 284.87473539104724, "num_critic_before_pi": 9.26379145299354, "pi_lr_exp": -3.80420004237783, "rollout_limit": 93.74993880184934}, "datetime": {"datetime": "2026-01-03 20:12:21", "elapsed": 449.111809, "delta": 0.0}}
{"target": -5.0, "params": {"batch_size_exp": 4.176985004103839, "critic_lr_exp": -3.6080342751617094, "entropy_cost": 0.0032161371566163653, "exploration_weight": 0.9879954961448965, "mcts_simulations": 147.1693224223705, "num_critic_before_pi": 4.899443222417272, "pi_lr_exp": -3.3425249816961413, "rollout_limit": 48.540266135487144}, "datetime": {"datetime": "2026-01-03 20:12:21", "elapsed": 449.111809, "delta": 0.0}}
{"target": 39.33333333333333, "params": {"batch_size_exp": 4.0, "critic_lr_exp": -2.0, "entropy_cost": 0.05, "exploration_weight": 2.0, "mcts_simulations": 83.34569580959192, "num_critic_before_pi": 3.0, "pi_lr_exp": -3.0, "rollout_limit": 55.02941067782623}, "datetime": {"datetime": "2026-01-03 20:13:18", "elapsed": 505.72835, "delta": 56.616541}}
{"target": 40.0, "params": {"batch_size_exp": 4.0, "critic_lr_exp": -2.0, "entropy_cost": 0.05, "exploration_weight": 0.5, "mcts_simulations": 225.83916655590335, "num_critic_before_pi": 10.0, "pi_lr_exp": -3.0, "rollout_limit": 20.0}, "datetime": {"datetime": "2026-01-03 20:14:08", "elapsed": 555.848229, "delta": 50.119879}}
{"target": 51.66666666666666, "params": {"batch_size_exp": 4.692356197135331, "critic_lr_exp": -3.323991400945144, "entropy_cost": 0.036465675082023905, "exploration_weight": 1.715223550325402, "mcts_simulations": 202.5598308876342, "num_critic_before_pi": 5.319246494894388, "pi_lr_exp": -4.119967178226235, "rollout_limit": 49.12529630682642}, "datetime": {"datetime": "2026-01-03 20:15:37", "elapsed": 644.808173, "delta": 88.959944}}
{"target": -5.0, "params": {"batch_size_exp": 5.626172273635064, "critic_lr_exp": -3.939238396245942, "entropy_cost": 0.02810499903569284, "exploration_weight": 1.354213423453488, "mcts_simulations": 202.60940865611306, "num_critic_before_pi": 9.558420483336342, "pi_lr_exp": -4.0364904454987585, "rollout_limit": 45.81015138966088}, "datetime": {"datetime": "2026-01-03 20:15:37", "elapsed": 644.969372, "delta": 0.161199}}
{"target": 51.0, "params": {"batch_size_exp": 4.830797114121058, "critic_lr_exp": -3.149068368466471, "entropy_cost": 0.02078529538675219, "exploration_weight": 1.0073689443674438, "mcts_simulations": 200.2265823752924, "num_critic_before_pi": 6.023267360609749, "pi_lr_exp": -4.138952562195767, "rollout_limit": 49.74546966113345}, "datetime": {"datetime": "2026-01-03 20:16:22", "elapsed": 690.336772, "delta": 45.3674}}
{"target": 38.666666666666664, "params": {"batch_size_exp": 4.072776921330989, "critic_lr_exp": -3.1995943199495533, "entropy_cost": 0.005634880305344648, "exploration_weight": 0.60887641224789, "mcts_simulations": 202.09194691102647, "num_critic_before_pi": 6.3660964014258505, "pi_lr_exp": -4.533073912880911, "rollout_limit": 53.029640161760305}, "datetime": {"datetime": "2026-01-03 20:17:37", "elapsed": 765.582844, "delta": 75.246072}}
{"target": -5.0, "params": {"batch_size_exp": 4.0, "critic_lr_exp": -4.0, "entropy_cost": 0.05, "exploration_weight": 2.0, "mcts_simulations": 199.75492816170126, "num_critic_before_pi": 3.391673233448717, "pi_lr_exp": -3.0, "rollout_limit": 50.11662210426607}, "datetime": {"datetime": "2026-01-03 20:17:38", "elapsed": 765.649053, "delta": 0.066209}}
{"target": 37.33333333333333, "params": {"batch_size_exp": 5.57579647482196, "critic_lr_exp": -3.1523201168654507, "entropy_cost": 0.005083035245709006, "exploration_weight": 0.5494012756689666, "mcts_simulations": 201.13822294317495, "num_critic_before_pi": 5.8535298546396906, "pi_lr_exp": -4.888488240916885, "rollout_limit": 49.315533279911264}, "datetime": {"datetime": "2026-01-03 20:18:49", "elapsed": 837.61532, "delta": 71.966267}}
{"target": -5.0, "params": {"batch_size_exp": 5.125595849048405, "critic_lr_exp": -3.0102078897788482, "entropy_cost": 0.030231606416276282, "exploration_weight": 1.4997159320377196, "mcts_simulations": 204.42055983473014, "num_critic_before_pi": 5.802673694770054, "pi_lr_exp": -3.2542969154644945, "rollout_limit": 51.194010468450415}, "datetime": {"datetime": "2026-01-03 20:18:50", "elapsed": 837.657404, "delta": 0.042084}}
{"target": 43.666666666666664, "params": {"batch_size_exp": 4.03694267337764, "critic_lr_exp": -2.820193126856809, "entropy_cost": 0.029870211006886395, "exploration_weight": 1.5068509875165568, "mcts_simulations": 200.47755115350486, "num_critic_before_pi": 5.0664980294630935, "pi_lr_exp": -4.243230708381642, "rollout_limit": 48.36946768398136}, "datetime": {"datetime": "2026-01-03 20:19:53", "elapsed": 901.068386, "delta": 63.410982}}
{"target": 40.666666666666664, "params": {"batch_size_exp": 4.0, "critic_lr_exp": -2.637183054331752, "entropy_cost": 0.05, "exploration_weight": 1.7374482694675655, "mcts_simulations": 201.44324287995832, "num_critic_before_pi": 6.204804555059981, "pi_lr_exp": -4.468499588200731, "rollout_limit": 49.5939128749416}, "datetime": {"datetime": "2026-01-03 20:21:17", "elapsed": 985.159237, "delta": 84.090851}}
{"target": 44.00000000000001, "params": {"batch_size_exp": 4.102383912185148, "critic_lr_exp": -3.5185928384779404, "entropy_cost": 0.014119569308667073, "exploration_weight": 1.5609542933227578, "mcts_simulations": 202.5326917290129, "num_critic_before_pi": 4.923571432991113, "pi_lr_exp": -4.814293924679121, "rollout_limit": 47.72757026492115}, "datetime": {"datetime": "2026-01-03 20:22:37", "elapsed": 1064.974891, "delta": 79.815654}}
{"target": -5.0, "params": {"batch_size_exp": 5.1566285828141565, "critic_lr_exp": -3.9034724987391223, "entropy_cost": 0.02897414678398719, "exploration_weight": 1.0937693592662483, "mcts_simulations": 116.26499031874219, "num_critic_before_pi": 7.287640030362571, "pi_lr_exp": -3.245448730199832, "rollout_limit": 62.32275137996911}, "datetime": {"datetime": "2026-01-03 20:22:37", "elapsed": 1065.004681, "delta": 0.02979}}
{"target": 40.333333333333336, "params": {"batch_size_exp": 4.267311215737372, "critic_lr_exp": -2.154511720517518, "entropy_cost": 0.007905147832232257, "exploration_weight": 1.3112520498679967, "mcts_simulations": 203.7281168020649, "num_critic_before_pi": 5.643408025677575, "pi_lr_exp": -3.994024574725669, "rollout_limit": 47.837678776391556}, "datetime": {"datetime": "2026-01-03 20:23:30", "elapsed": 1117.698243, "delta": 52.693562}}
{"target": 41.0, "params": {"batch_size_exp": 4.066463337760548, "critic_lr_exp": -2.1549767125078825, "entropy_cost": 0.01705371324984663, "exploration_weight": 1.3607137708856205, "mcts_simulations": 199.4073298656824, "num_critic_before_pi": 7.484804209595301, "pi_lr_exp": -3.314067267286036, "rollout_limit": 48.858037034344974}, "datetime": {"datetime": "2026-01-03 20:24:54", "elapsed": 1201.656386, "delta": 83.958143}}
{"target": 46.666666666666664, "params": {"batch_size_exp": 4.2669108427506455, "critic_lr_exp": -3.1171113020696946, "entropy_cost": 0.001, "exploration_weight": 0.5, "mcts_simulations": 199.62736955674256, "num_critic_before_pi": 7.31139380184471, "pi_lr_exp": -4.329974296370069, "rollout_limit": 50.87618260789977}, "datetime": {"datetime": "2026-01-03 20:25:55", "elapsed": 1263.259995, "delta": 61.603609}}
{"target": 52.0, "params": {"batch_size_exp": 4.818340993659001, "critic_lr_exp": -2.2210819057724507, "entropy_cost": 0.0491950973167859, "exploration_weight": 1.6195872025782099, "mcts_simulations": 200.44517705609013, "num_critic_before_pi": 7.393174158710432, "pi_lr_exp": -3.4003278861458304, "rollout_limit": 51.98834319310024}, "datetime": {"datetime": "2026-01-03 20:27:00", "elapsed": 1328.476014, "delta": 65.216019}}
{"target": -5.0, "params": {"batch_size_exp": 5.612951841906757, "critic_lr_exp": -3.3327929733882833, "entropy_cost": 0.012831009119770968, "exploration_weight": 1.3615235512170247, "mcts_simulations": 199.76950857449944, "num_critic_before_pi": 6.365494025319643, "pi_lr_exp": -3.203796080178029, "rollout_limit": 51.64026086503286}, "datetime": {"datetime": "2026-01-03 20:27:00", "elapsed": 1328.526455, "delta": 0.050441}}
{"target": 38.0, "params": {"batch_size_exp": 4.086315352268185, "critic_lr_exp": -2.799006411389584, "entropy_cost": 0.047899601354720774, "exploration_weight": 0.5555778889042327, "mcts_simulations": 202.43396133632098, "num_critic_before_pi": 5.970189268270134, "pi_lr_exp": -4.333863674249757, "rollout_limit": 48.75536994886132}, "datetime": {"datetime": "2026-01-03 20:28:20", "elapsed": 1408.11127, "delta": 79.584815}}
{"target": 38.33333333333333, "params": {"batch_size_exp": 4.813403556321747, "critic_lr_exp": -3.1713104993747763, "entropy_cost": 0.029170844351570212, "exploration_weight": 1.6965599869429573, "mcts_simulations": 201.6548716555164, "num_critic_before_pi": 3.987453948619157, "pi_lr_exp": -4.726977584060869, "rollout_limit": 48.73688643760998}, "datetime": {"datetime": "2026-01-03 20:29:59", "elapsed": 1507.550286, "delta": 99.439016}}
